#
# A fatal error has been detected by the Java Runtime Environment:
#
#  Internal Error (javaClasses.cpp:129), pid=7312, tid=5612
#  fatal error: Invalid layout of preloaded class
#
# JRE version: 7.0_15-b03
# Java VM: Java HotSpot(TM) 64-Bit Server VM (23.7-b01 mixed mode windows-amd64 compressed oops)
# Failed to write core dump. Minidumps are not enabled by default on client versions of Windows
#
# If you would like to submit a bug report, please visit:
#   http://bugreport.sun.com/bugreport/crash.jsp
#

---------------  T H R E A D  ---------------

Current thread (0x000000000248d000):  JavaThread "Unknown thread" [_thread_in_vm, id=5612, stack(0x00000000027e0000,0x00000000028e0000)]

Stack: [0x00000000027e0000,0x00000000028e0000]

---------------  P R O C E S S  ---------------

Java Threads: ( => current thread )

Other Threads:

=>0x000000000248d000 (exited) JavaThread "Unknown thread" [_thread_in_vm, id=5612, stack(0x00000000027e0000,0x00000000028e0000)]

VM state:not at safepoint (not fully initialized)

VM Mutex/Monitor currently owned by a thread: None

GC Heap History (0 events):
No events

Deoptimization events (0 events):
No events

Internal exceptions (0 events):
No events

Events (10 events):
Event: 0.009 loading class 0x00000000023542e0 done
Event: 0.009 loading class 0x0000000002312930 done
Event: 0.009 loading class 0x0000000002312900
Event: 0.010 loading class 0x0000000002361020
Event: 0.010 loading class 0x0000000002361020 done
Event: 0.010 loading class 0x0000000002361060
Event: 0.010 loading class 0x0000000002361060 done
Event: 0.010 loading class 0x0000000008cae7e0
Event: 0.010 loading class 0x0000000008cae7e0 done
Event: 0.010 loading class 0x0000000002312900 done


Dynamic libraries:
0x000000013f4e0000 - 0x000000013f513000 	C:\Program Files (x86)\Java\jdk1.7.0_15\bin\javaw.exe
0x0000000077600000 - 0x00000000777a9000 	C:\Windows\SYSTEM32\ntdll.dll
0x00000000773e0000 - 0x00000000774ff000 	C:\Windows\system32\kernel32.dll
0x000007fefd5c0000 - 0x000007fefd62c000 	C:\Windows\system32\KERNELBASE.dll
0x000007feff7b0000 - 0x000007feff88b000 	C:\Windows\system32\ADVAPI32.dll
0x000007fefeb60000 - 0x000007fefebff000 	C:\Windows\system32\msvcrt.dll
0x000007feff100000 - 0x000007feff11f000 	C:\Windows\SYSTEM32\sechost.dll
0x000007fefd9d0000 - 0x000007fefdafd000 	C:\Windows\system32\RPCRT4.dll
0x0000000077500000 - 0x00000000775fa000 	C:\Windows\system32\USER32.dll
0x000007fefec00000 - 0x000007fefec67000 	C:\Windows\system32\GDI32.dll
0x000007feff450000 - 0x000007feff45e000 	C:\Windows\system32\LPK.dll
0x000007fefed10000 - 0x000007fefedd9000 	C:\Windows\system32\USP10.dll
0x000007fefb970000 - 0x000007fefbb64000 	C:\Windows\WinSxS\amd64_microsoft.windows.common-controls_6595b64144ccf1df_6.0.7601.18837_none_fa3b1e3d17594757\COMCTL32.dll
0x000007feff890000 - 0x000007feff901000 	C:\Windows\system32\SHLWAPI.dll
0x000007feff400000 - 0x000007feff42e000 	C:\Windows\system32\IMM32.DLL
0x000007fefeff0000 - 0x000007feff0f9000 	C:\Windows\system32\MSCTF.dll
0x000007fefd2e0000 - 0x000007fefd312000 	C:\Windows\system32\nvinitx.dll
0x000000000f000000 - 0x000000000f006000 	C:\Program Files\NVIDIA Corporation\CoProcManager\detoured.dll
0x000007fef9ba0000 - 0x000007fef9bd3000 	C:\Program Files\NVIDIA Corporation\CoProcManager\nvd3d9wrapx.dll
0x000007feff180000 - 0x000007feff357000 	C:\Windows\system32\SETUPAPI.dll
0x000007fefd650000 - 0x000007fefd686000 	C:\Windows\system32\CFGMGR32.dll
0x000007feff460000 - 0x000007feff537000 	C:\Windows\system32\OLEAUT32.dll
0x000007feff550000 - 0x000007feff753000 	C:\Windows\system32\ole32.dll
0x000007fefd690000 - 0x000007fefd6aa000 	C:\Windows\system32\DEVOBJ.dll
0x000007fef9b70000 - 0x000007fef9b93000 	C:\Program Files\NVIDIA Corporation\CoProcManager\nvdxgiwrapx.dll
0x000000005b260000 - 0x000000005b331000 	C:\Program Files (x86)\Java\jdk1.7.0_15\jre\bin\msvcr100.dll
0x000000005a190000 - 0x000000005a8af000 	C:\Program Files (x86)\Java\jdk1.7.0_15\jre\bin\server\jvm.dll
0x000007fef7b50000 - 0x000007fef7b59000 	C:\Windows\system32\WSOCK32.dll
0x000007feff760000 - 0x000007feff7ad000 	C:\Windows\system32\WS2_32.dll
0x000007feff540000 - 0x000007feff548000 	C:\Windows\system32\NSI.dll
0x000007fef9b30000 - 0x000007fef9b6b000 	C:\Windows\system32\WINMM.dll
0x00000000777d0000 - 0x00000000777d7000 	C:\Windows\system32\PSAPI.DLL
0x0000000070da0000 - 0x0000000070daf000 	C:\Program Files (x86)\Java\jdk1.7.0_15\jre\bin\verify.dll
0x000000006f250000 - 0x000000006f278000 	C:\Program Files (x86)\Java\jdk1.7.0_15\jre\bin\java.dll
0x0000000068950000 - 0x0000000068965000 	C:\Program Files (x86)\Java\jdk1.7.0_15\jre\bin\zip.dll

VM Arguments:
jvm_args: -Dfile.encoding=GBK -Xbootclasspath:E:\android_javaee\adt-bundle-windows-x86_64-20140321\adt-bundle-windows-x86_64-20140321\sdk\platforms\android-19\android.jar 
java_command: Test.TestCase
Launcher Type: SUN_STANDARD

Environment Variables:
JAVA_HOME=C:\Program Files (x86)\Java\jdk1.7.0_15
PATH=C:/Program Files (x86)/Java/jdk1.7.0_15/jre/bin/server;C:/Program Files (x86)/Java/jdk1.7.0_15/jre/bin;C:/Program Files (x86)/Java/jdk1.7.0_15/jre/lib/amd64;C:\Windows\system32;C:\Windows;C:\Windows\System32\Wbem;C:\Windows\System32\WindowsPowerShell\v1.0\;C:\Program Files\Microsoft\Web Platform Installer\;C:\Program Files (x86)\Microsoft ASP.NET\ASP.NET Web Pages\v1.0\;C:\Program Files (x86)\Windows Kits\8.0\Windows Performance Toolkit\;C:\Program Files\Microsoft SQL Server\110\Tools\Binn\;C:\Program Files\MySQL\MySQL Server 5.5\bin;F:\python;C:\Program Files\MySQL\MySQL Enterprise Backup 3.10.1\;C:\Program Files (x86)\MySQL\MySQL Utilities 1.3.6\;C:\Program Files\MySQL\MySQL Server 5.6\bin;F:\android studio sdk\gradle-1.6-bin\gradle-1.6\bin;C:\Program Files (x86)\Java\jdk1.7.0_15\jre\bin;C:\Program Files (x86)\Java\jdk1.7.0_15\bin;;E:\android_javaee\adt-bundle-windows-x86_64-20140321\adt-bundle-windows-x86_64-20140321\eclipse;
USERNAME=Administrator
OS=Windows_NT
PROCESSOR_IDENTIFIER=Intel64 Family 6 Model 58 Stepping 9, GenuineIntel



---------------  S Y S T E M  ---------------

OS: Windows 7 , 64 bit Build 7601 Service Pack 1

CPU:total 4 (2 cores per cpu, 2 threads per core) family 6 model 58 stepping 9, cmov, cx8, fxsr, mmx, sse, sse2, sse3, ssse3, sse4.1, sse4.2, popcnt, avx, ht, tsc, tscinvbit, tscinv

Memory: 4k page, physical 4094316k(1017376k free), swap 8186796k(3766580k free)

vm_info: Java HotSpot(TM) 64-Bit Server VM (23.7-b01) for windows-amd64 JRE (1.7.0_15-b03), built on Feb 15 2013 13:43:57 by "java_re" with unknown MS VC++:1600

time: Tue Jul 07 14:22:25 2015
elapsed time: 0 seconds

